<?xml version="1.0" encoding="UTF-8"?>
<!-- Generated by org.testng.reporters.JUnitXMLReporter -->
<testsuite hostname="NIKASH-PC" ignored="1" name="Default test" tests="1" failures="0" timestamp="13 May 2018 12:27:25 GMT" time="56.653" errors="0">
  <testcase name="verifyPriceFilter" time="51.447" classname="TestScripts.Home_Test"/>
  <testcase name="verifyBrandFilter" time="0.0" classname="TestScripts.Home_Test">
    <ignored/>
  </testcase> <!-- verifyBrandFilter -->
</testsuite> <!-- Default test -->
