<?xml version="1.0" encoding="UTF-8"?>
<!-- Generated by org.testng.reporters.JUnitXMLReporter -->
<testsuite hostname="NIKASH-PC" ignored="20" name="cart_Test1" tests="1" failures="0" timestamp="02 May 2018 12:55:28 GMT" time="16.347" errors="0">
  <testcase name="verify_MouseHoverOnCart_WhenCartEmpty" time="8.311" classname="TestScripts.Cart_Test"/>
  <testcase name="verifyTotalPriceUpdatedAfterRemoveFromCart" time="0.0" classname="TestScripts.Cart_Test">
    <ignored/>
  </testcase> <!-- verifyTotalPriceUpdatedAfterRemoveFromCart -->
  <testcase name="verifyMultipleItemAddedToCart" time="0.0" classname="TestScripts.Cart_Test">
    <ignored/>
  </testcase> <!-- verifyMultipleItemAddedToCart -->
  <testcase name="verify_ViewMyCouponLink_BeforeSignIn" time="0.0" classname="TestScripts.Cart_Test">
    <ignored/>
  </testcase> <!-- verify_ViewMyCouponLink_BeforeSignIn -->
  <testcase name="verifyTheTotalPriceDisplayedCorrectly" time="0.0" classname="TestScripts.Cart_Test">
    <ignored/>
  </testcase> <!-- verifyTheTotalPriceDisplayedCorrectly -->
  <testcase name="verifyNeedHelpLinkNavigatesToAboutPage" time="0.0" classname="TestScripts.Cart_Test">
    <ignored/>
  </testcase> <!-- verifyNeedHelpLinkNavigatesToAboutPage -->
  <testcase name="verifyPriceIsMatchingInCart" time="0.0" classname="TestScripts.Cart_Test">
    <ignored/>
  </testcase> <!-- verifyPriceIsMatchingInCart -->
  <testcase name="verifySignInLinkInCartNavigatesToMemberLogin" time="0.0" classname="TestScripts.Cart_Test">
    <ignored/>
  </testcase> <!-- verifySignInLinkInCartNavigatesToMemberLogin -->
  <testcase name="verifyQantityDropDownNotExceedsMaxLimit" time="0.0" classname="TestScripts.Cart_Test">
    <ignored/>
  </testcase> <!-- verifyQantityDropDownNotExceedsMaxLimit -->
  <testcase name="verifySubtotalPriceChangedAfterQuantityChanged" time="0.0" classname="TestScripts.Cart_Test">
    <ignored/>
  </testcase> <!-- verifySubtotalPriceChangedAfterQuantityChanged -->
  <testcase name="verifyContinueShoppingNavigatesToHomepage" time="0.0" classname="TestScripts.Cart_Test">
    <ignored/>
  </testcase> <!-- verifyContinueShoppingNavigatesToHomepage -->
  <testcase name="verifyCartCountValueDisplayedCorrectly" time="0.0" classname="TestScripts.Cart_Test">
    <ignored/>
  </testcase> <!-- verifyCartCountValueDisplayedCorrectly -->
  <testcase name="verify_MouseHoverOnCartIcon_BeforeSignIn" time="0.0" classname="TestScripts.Cart_Test">
    <ignored/>
  </testcase> <!-- verify_MouseHoverOnCartIcon_BeforeSignIn -->
  <testcase name="verifyProductAddedToCart" time="0.0" classname="TestScripts.Cart_Test">
    <ignored/>
  </testcase> <!-- verifyProductAddedToCart -->
  <testcase name="verifyCartPageFooterLinksNavigateToTermsPage" time="0.0" classname="TestScripts.Cart_Test">
    <ignored/>
  </testcase> <!-- verifyCartPageFooterLinksNavigateToTermsPage -->
  <testcase name="verifyCheckOutBeforeSignIn" time="0.0" classname="TestScripts.Cart_Test">
    <ignored/>
  </testcase> <!-- verifyCheckOutBeforeSignIn -->
  <testcase name="VerifyFooterTextsInCartAreDisplayedCorrectly" time="0.0" classname="TestScripts.Cart_Test">
    <ignored/>
  </testcase> <!-- VerifyFooterTextsInCartAreDisplayedCorrectly -->
  <testcase name="verifySignUpLinkInCartNavigatesToUserRegistration" time="0.0" classname="TestScripts.Cart_Test">
    <ignored/>
  </testcase> <!-- verifySignUpLinkInCartNavigatesToUserRegistration -->
  <testcase name="verifyErrorMessageDisplayedForInvalidCoupon" time="0.0" classname="TestScripts.Cart_Test">
    <ignored/>
  </testcase> <!-- verifyErrorMessageDisplayedForInvalidCoupon -->
  <testcase name="verifyRemoveFromCart" time="0.0" classname="TestScripts.Cart_Test">
    <ignored/>
  </testcase> <!-- verifyRemoveFromCart -->
  <testcase name="verifyQuantityOfItemCanBeUpdatedInCart" time="0.0" classname="TestScripts.Cart_Test">
    <ignored/>
  </testcase> <!-- verifyQuantityOfItemCanBeUpdatedInCart -->
</testsuite> <!-- cart_Test1 -->
